<?xml version="1.0" encoding="UTF-8"?>
<!-- Generated by org.testng.reporters.JUnitXMLReporter -->
<testsuite ignored="0" hostname="LAPTOP-1NUQRVBS" failures="2" tests="36" name="Test" time="1169.344" errors="0" timestamp="2025-01-13T07:20:10 IST">
  <testcase classname="test.Testcase1" name="register_to_amazon" time="15.272">
    <skipped/>
  </testcase> <!-- register_to_amazon -->
  <testcase classname="test.Testcase1" name="register_to_amazon" time="14.479">
    <skipped/>
  </testcase> <!-- register_to_amazon -->
  <testcase classname="test.Testcase1" name="register_to_amazon" time="4.618"/>
  <testcase classname="test.Testcase2" name="login_to_amazon" time="17.562">
    <skipped/>
  </testcase> <!-- login_to_amazon -->
  <testcase classname="test.Testcase2" name="login_to_amazon" time="17.211">
    <skipped/>
  </testcase> <!-- login_to_amazon -->
  <testcase classname="test.Testcase2" name="login_to_amazon" time="17.354">
    <skipped/>
  </testcase> <!-- login_to_amazon -->
  <testcase classname="test.Testcase2" name="login_to_amazon" time="16.996">
    <skipped/>
  </testcase> <!-- login_to_amazon -->
  <testcase classname="test.Testcase2" name="login_to_amazon" time="16.934">
    <failure type="org.openqa.selenium.NoSuchElementException" message="no such element: Unable to locate element: {&amp;quot;method&amp;quot;:&amp;quot;css selector&amp;quot;,&amp;quot;selector&amp;quot;:&amp;quot;#ap_email&amp;quot;}
  (Session info: MicrosoftEdge=131.0.2903.112)
For documentation on this error, please visit: https://www.selenium.dev/documentation/webdriver/troubleshooting/errors#no-such-element-exception
Build info: version: &amp;apos;4.26.0&amp;apos;, revision: &amp;apos;8ccf0219d7&amp;apos;
System info: os.name: &amp;apos;Windows 11&amp;apos;, os.arch: &amp;apos;amd64&amp;apos;, os.version: &amp;apos;10.0&amp;apos;, java.version: &amp;apos;21.0.5&amp;apos;
Driver info: org.openqa.selenium.edge.EdgeDriver
Command: [6f4ff2e885fff8403f10716d0fad43bb, findElement {using=id, value=ap_email}]
Capabilities {acceptInsecureCerts: false, browserName: MicrosoftEdge, browserVersion: 131.0.2903.112, fedcm:accounts: true, ms:edgeOptions: {debuggerAddress: localhost:55194}, msedge: {msedgedriverVersion: 131.0.2903.146 (99fcb90c1ee..., userDataDir: C:\Users\Bhakti\AppData\Loc...}, networkConnectionEnabled: false, pageLoadStrategy: normal, platformName: windows, proxy: Proxy(), se:cdp: ws://localhost:55194/devtoo..., se:cdpVersion: 131.0.2903.112, setWindowRect: true, strictFileInteractability: false, timeouts: {implicit: 0, pageLoad: 300000, script: 30000}, unhandledPromptBehavior: dismiss and notify, webauthn:extension:credBlob: true, webauthn:extension:largeBlob: true, webauthn:extension:minPinLength: true, webauthn:extension:prf: true, webauthn:virtualAuthenticators: true}
Session ID: 6f4ff2e885fff8403f10716d0fad43bb">
      <![CDATA[org.openqa.selenium.NoSuchElementException: no such element: Unable to locate element: {"method":"css selector","selector":"#ap_email"}
  (Session info: MicrosoftEdge=131.0.2903.112)
For documentation on this error, please visit: https://www.selenium.dev/documentation/webdriver/troubleshooting/errors#no-such-element-exception
Build info: version: '4.26.0', revision: '8ccf0219d7'
System info: os.name: 'Windows 11', os.arch: 'amd64', os.version: '10.0', java.version: '21.0.5'
Driver info: org.openqa.selenium.edge.EdgeDriver
Command: [6f4ff2e885fff8403f10716d0fad43bb, findElement {using=id, value=ap_email}]
Capabilities {acceptInsecureCerts: false, browserName: MicrosoftEdge, browserVersion: 131.0.2903.112, fedcm:accounts: true, ms:edgeOptions: {debuggerAddress: localhost:55194}, msedge: {msedgedriverVersion: 131.0.2903.146 (99fcb90c1ee..., userDataDir: C:\Users\Bhakti\AppData\Loc...}, networkConnectionEnabled: false, pageLoadStrategy: normal, platformName: windows, proxy: Proxy(), se:cdp: ws://localhost:55194/devtoo..., se:cdpVersion: 131.0.2903.112, setWindowRect: true, strictFileInteractability: false, timeouts: {implicit: 0, pageLoad: 300000, script: 30000}, unhandledPromptBehavior: dismiss and notify, webauthn:extension:credBlob: true, webauthn:extension:largeBlob: true, webauthn:extension:minPinLength: true, webauthn:extension:prf: true, webauthn:virtualAuthenticators: true}
Session ID: 6f4ff2e885fff8403f10716d0fad43bb
at org.openqa.selenium.remote.ErrorCodec.decode(ErrorCodec.java:167)
at org.openqa.selenium.remote.codec.w3c.W3CHttpResponseCodec.decode(W3CHttpResponseCodec.java:138)
at org.openqa.selenium.remote.codec.w3c.W3CHttpResponseCodec.decode(W3CHttpResponseCodec.java:50)
at org.openqa.selenium.remote.HttpCommandExecutor.execute(HttpCommandExecutor.java:190)
at org.openqa.selenium.remote.service.DriverCommandExecutor.invokeExecute(DriverCommandExecutor.java:216)
at org.openqa.selenium.remote.service.DriverCommandExecutor.execute(DriverCommandExecutor.java:174)
at org.openqa.selenium.remote.RemoteWebDriver.execute(RemoteWebDriver.java:545)
at org.openqa.selenium.remote.ElementLocation$ElementFinder$2.findElement(ElementLocation.java:165)
at org.openqa.selenium.remote.ElementLocation.findElement(ElementLocation.java:66)
at org.openqa.selenium.remote.RemoteWebDriver.findElement(RemoteWebDriver.java:368)
at org.openqa.selenium.remote.RemoteWebDriver.findElement(RemoteWebDriver.java:362)
at org.openqa.selenium.support.pagefactory.DefaultElementLocator.findElement(DefaultElementLocator.java:68)
at org.openqa.selenium.support.pagefactory.internal.LocatingElementHandler.invoke(LocatingElementHandler.java:38)
at jdk.proxy2/jdk.proxy2.$Proxy12.sendKeys(Unknown Source)
at source.LoginPage.un(LoginPage.java:30)
at test.Testcase2.login_to_amazon(Testcase2.java:29)
at java.base/java.util.ArrayList.forEach(ArrayList.java:1596)
... Removed 32 stack frames]]>
    </failure>
  </testcase> <!-- login_to_amazon -->
  <testcase classname="test.Testcase3" name="login_to_amazon" time="16.292">
    <skipped/>
  </testcase> <!-- login_to_amazon -->
  <testcase classname="test.Testcase3" name="login_to_amazon" time="23.202"/>
  <testcase classname="test.Testcase4" name="edit_profile_info" time="22.509">
    <skipped/>
  </testcase> <!-- edit_profile_info -->
  <testcase classname="test.Testcase4" name="edit_profile_info" time="49.655"/>
  <testcase classname="test.Testcase5" name="login_to_amazon_search_a_product" time="21.248"/>
  <testcase classname="test.Testcase6" name="search_with_filter" time="21.447">
    <skipped/>
  </testcase> <!-- search_with_filter -->
  <testcase classname="test.Testcase6" name="search_with_filter" time="21.874">
    <skipped/>
  </testcase> <!-- search_with_filter -->
  <testcase classname="test.Testcase6" name="search_with_filter" time="18.638"/>
  <testcase classname="test.Testcase7" name="product_details" time="21.501">
    <skipped/>
  </testcase> <!-- product_details -->
  <testcase classname="test.Testcase7" name="product_details" time="25.867">
    <skipped/>
  </testcase> <!-- product_details -->
  <testcase classname="test.Testcase7" name="product_details" time="26.137">
    <skipped/>
  </testcase> <!-- product_details -->
  <testcase classname="test.Testcase7" name="product_details" time="34.756">
    <skipped/>
  </testcase> <!-- product_details -->
  <testcase classname="test.Testcase7" name="product_details" time="21.396">
    <failure type="org.openqa.selenium.NoSuchElementException" message="no such element: Unable to locate element: {&amp;quot;method&amp;quot;:&amp;quot;css selector&amp;quot;,&amp;quot;selector&amp;quot;:&amp;quot;#ap_email&amp;quot;}
  (Session info: MicrosoftEdge=131.0.2903.112)
For documentation on this error, please visit: https://www.selenium.dev/documentation/webdriver/troubleshooting/errors#no-such-element-exception
Build info: version: &amp;apos;4.26.0&amp;apos;, revision: &amp;apos;8ccf0219d7&amp;apos;
System info: os.name: &amp;apos;Windows 11&amp;apos;, os.arch: &amp;apos;amd64&amp;apos;, os.version: &amp;apos;10.0&amp;apos;, java.version: &amp;apos;21.0.5&amp;apos;
Driver info: org.openqa.selenium.edge.EdgeDriver
Command: [af467d2006865dd6950f26ee07ead864, findElement {using=id, value=ap_email}]
Capabilities {acceptInsecureCerts: false, browserName: MicrosoftEdge, browserVersion: 131.0.2903.112, fedcm:accounts: true, ms:edgeOptions: {debuggerAddress: localhost:57468}, msedge: {msedgedriverVersion: 131.0.2903.146 (99fcb90c1ee..., userDataDir: C:\Users\Bhakti\AppData\Loc...}, networkConnectionEnabled: false, pageLoadStrategy: normal, platformName: windows, proxy: Proxy(), se:cdp: ws://localhost:57468/devtoo..., se:cdpVersion: 131.0.2903.112, setWindowRect: true, strictFileInteractability: false, timeouts: {implicit: 0, pageLoad: 300000, script: 30000}, unhandledPromptBehavior: dismiss and notify, webauthn:extension:credBlob: true, webauthn:extension:largeBlob: true, webauthn:extension:minPinLength: true, webauthn:extension:prf: true, webauthn:virtualAuthenticators: true}
Session ID: af467d2006865dd6950f26ee07ead864">
      <![CDATA[org.openqa.selenium.NoSuchElementException: no such element: Unable to locate element: {"method":"css selector","selector":"#ap_email"}
  (Session info: MicrosoftEdge=131.0.2903.112)
For documentation on this error, please visit: https://www.selenium.dev/documentation/webdriver/troubleshooting/errors#no-such-element-exception
Build info: version: '4.26.0', revision: '8ccf0219d7'
System info: os.name: 'Windows 11', os.arch: 'amd64', os.version: '10.0', java.version: '21.0.5'
Driver info: org.openqa.selenium.edge.EdgeDriver
Command: [af467d2006865dd6950f26ee07ead864, findElement {using=id, value=ap_email}]
Capabilities {acceptInsecureCerts: false, browserName: MicrosoftEdge, browserVersion: 131.0.2903.112, fedcm:accounts: true, ms:edgeOptions: {debuggerAddress: localhost:57468}, msedge: {msedgedriverVersion: 131.0.2903.146 (99fcb90c1ee..., userDataDir: C:\Users\Bhakti\AppData\Loc...}, networkConnectionEnabled: false, pageLoadStrategy: normal, platformName: windows, proxy: Proxy(), se:cdp: ws://localhost:57468/devtoo..., se:cdpVersion: 131.0.2903.112, setWindowRect: true, strictFileInteractability: false, timeouts: {implicit: 0, pageLoad: 300000, script: 30000}, unhandledPromptBehavior: dismiss and notify, webauthn:extension:credBlob: true, webauthn:extension:largeBlob: true, webauthn:extension:minPinLength: true, webauthn:extension:prf: true, webauthn:virtualAuthenticators: true}
Session ID: af467d2006865dd6950f26ee07ead864
at org.openqa.selenium.remote.ErrorCodec.decode(ErrorCodec.java:167)
at org.openqa.selenium.remote.codec.w3c.W3CHttpResponseCodec.decode(W3CHttpResponseCodec.java:138)
at org.openqa.selenium.remote.codec.w3c.W3CHttpResponseCodec.decode(W3CHttpResponseCodec.java:50)
at org.openqa.selenium.remote.HttpCommandExecutor.execute(HttpCommandExecutor.java:190)
at org.openqa.selenium.remote.service.DriverCommandExecutor.invokeExecute(DriverCommandExecutor.java:216)
at org.openqa.selenium.remote.service.DriverCommandExecutor.execute(DriverCommandExecutor.java:174)
at org.openqa.selenium.remote.RemoteWebDriver.execute(RemoteWebDriver.java:545)
at org.openqa.selenium.remote.ElementLocation$ElementFinder$2.findElement(ElementLocation.java:165)
at org.openqa.selenium.remote.ElementLocation.findElement(ElementLocation.java:66)
at org.openqa.selenium.remote.RemoteWebDriver.findElement(RemoteWebDriver.java:368)
at org.openqa.selenium.remote.RemoteWebDriver.findElement(RemoteWebDriver.java:362)
at org.openqa.selenium.support.pagefactory.DefaultElementLocator.findElement(DefaultElementLocator.java:68)
at org.openqa.selenium.support.pagefactory.internal.LocatingElementHandler.invoke(LocatingElementHandler.java:38)
at jdk.proxy2/jdk.proxy2.$Proxy12.sendKeys(Unknown Source)
at source.LoginPage.un(LoginPage.java:30)
at test.Testcase7.product_details(Testcase7.java:32)
at java.base/java.util.ArrayList.forEach(ArrayList.java:1596)
... Removed 32 stack frames]]>
    </failure>
  </testcase> <!-- product_details -->
  <testcase classname="test.Testcase8" name="sort_product" time="23.263">
    <skipped/>
  </testcase> <!-- sort_product -->
  <testcase classname="test.Testcase8" name="sort_product" time="22.363">
    <skipped/>
  </testcase> <!-- sort_product -->
  <testcase classname="test.Testcase8" name="sort_product" time="48.452"/>
  <testcase classname="test.Testcase9" name="add_to_cart" time="29.886"/>
  <testcase classname="test.Testcase10" name="updatequant_removitem" time="21.463">
    <skipped/>
  </testcase> <!-- updatequant_removitem -->
  <testcase classname="test.Testcase10" name="updatequant_removitem" time="22.624">
    <skipped/>
  </testcase> <!-- updatequant_removitem -->
  <testcase classname="test.Testcase10" name="updatequant_removitem" time="21.355">
    <skipped/>
  </testcase> <!-- updatequant_removitem -->
  <testcase classname="test.Testcase10" name="updatequant_removitem" time="21.539">
    <skipped/>
  </testcase> <!-- updatequant_removitem -->
  <testcase classname="test.Testcase10" name="updatequant_removitem" time="34.636"/>
  <testcase classname="test.Testcase11" name="validate_checkout_proc" time="64.534"/>
  <testcase classname="test.Testcase12" name="select_pay_method" time="54.777"/>
  <testcase classname="test.Testcase13" name="apply_coupon_code" time="21.25">
    <skipped/>
  </testcase> <!-- apply_coupon_code -->
  <testcase classname="test.Testcase13" name="apply_coupon_code" time="45.494"/>
  <testcase classname="test.Testcase14" name="give_ratings" time="31.363"/>
  <testcase classname="test.Testcase15" name="cart_without_login" time="16.704"/>
</testsuite> <!-- Test -->
