<?xml version="1.0" encoding="UTF-8"?>
<!-- Generated by org.testng.reporters.JUnitReportReporter -->
<testsuite hostname="LAPTOP-1NUQRVBS" failures="0" tests="5" name="test.Testcase11" time="202.461" errors="1" timestamp="2024-12-17T22:47:30 IST" skipped="4">
  <testcase classname="test.Testcase11" name="validate_checkout_proc" time="47.174">
    <skipped/>
  </testcase> <!-- validate_checkout_proc -->
  <system-out/>
  <testcase classname="test.Testcase11" name="validate_checkout_proc" time="15.996">
    <skipped/>
  </testcase> <!-- validate_checkout_proc -->
  <system-out/>
  <testcase classname="test.Testcase11" name="validate_checkout_proc" time="85.116">
    <error message="element click intercepted: Element &lt;input type=&quot;radio&quot; name=&quot;destinationSubmissionUrl&quot; value=&quot;/checkout/p/p-404-9995459-7313960/address/shiptodestination?pipelineType=Chewbacca&amp;amp;isBuyNow=1&amp;amp;referrer=address&amp;amp;ref_=chk_addr_set_2_dlr&amp;amp;addressID=B3QZB7LPCGNQFB6CQMUAG13H3150TV9331A1339VT0513HBPXTQ2EIA2OX2PIQB7&amp;amp;action=select-shipping&amp;amp;encoding=UTF8&quot;&gt; is not clickable at point (124, 395). Other element would receive the click: &lt;label&gt;...&lt;/label&gt;
  (Session info: chrome=131.0.6778.140)
Build info: version: &#039;4.26.0&#039;, revision: &#039;8ccf0219d7&#039;
System info: os.name: &#039;Windows 11&#039;, os.arch: &#039;amd64&#039;, os.version: &#039;10.0&#039;, java.version: &#039;22.0.2&#039;
Driver info: org.openqa.selenium.chrome.ChromeDriver
Command: [c893eeb38e0cf2d781a68b5d2555dc40, clickElement {id=f.24898AA4863AC78FA67EB9573F0CDF44.d.D47C92A498B6E2F06C11A5CE6DB22EC5.e.203}]
Capabilities {acceptInsecureCerts: false, browserName: chrome, browserVersion: 131.0.6778.140, chrome: {chromedriverVersion: 131.0.6778.108 (3b014839fbc..., userDataDir: C:\Users\Bhakti\AppData\Loc...}, fedcm:accounts: true, goog:chromeOptions: {debuggerAddress: localhost:65285}, networkConnectionEnabled: false, pageLoadStrategy: normal, platformName: windows, proxy: Proxy(), se:cdp: ws://localhost:65285/devtoo..., se:cdpVersion: 131.0.6778.140, setWindowRect: true, strictFileInteractability: false, timeouts: {implicit: 0, pageLoad: 300000, script: 30000}, unhandledPromptBehavior: dismiss and notify, webauthn:extension:credBlob: true, webauthn:extension:largeBlob: true, webauthn:extension:minPinLength: true, webauthn:extension:prf: true, webauthn:virtualAuthenticators: true}
Element: [[ChromeDriver: chrome on windows (c893eeb38e0cf2d781a68b5d2555dc40)] -&gt; xpath: (//input[@type=&#039;radio&#039;])[3]]
Session ID: c893eeb38e0cf2d781a68b5d2555dc40" type="org.openqa.selenium.ElementClickInterceptedException">
      <![CDATA[org.openqa.selenium.ElementClickInterceptedException: element click intercepted: Element <input type="radio" name="destinationSubmissionUrl" value="/checkout/p/p-404-9995459-7313960/address/shiptodestination?pipelineType=Chewbacca&amp;isBuyNow=1&amp;referrer=address&amp;ref_=chk_addr_set_2_dlr&amp;addressID=B3QZB7LPCGNQFB6CQMUAG13H3150TV9331A1339VT0513HBPXTQ2EIA2OX2PIQB7&amp;action=select-shipping&amp;encoding=UTF8"> is not clickable at point (124, 395). Other element would receive the click: <label>...</label>
  (Session info: chrome=131.0.6778.140)
Build info: version: '4.26.0', revision: '8ccf0219d7'
System info: os.name: 'Windows 11', os.arch: 'amd64', os.version: '10.0', java.version: '22.0.2'
Driver info: org.openqa.selenium.chrome.ChromeDriver
Command: [c893eeb38e0cf2d781a68b5d2555dc40, clickElement {id=f.24898AA4863AC78FA67EB9573F0CDF44.d.D47C92A498B6E2F06C11A5CE6DB22EC5.e.203}]
Capabilities {acceptInsecureCerts: false, browserName: chrome, browserVersion: 131.0.6778.140, chrome: {chromedriverVersion: 131.0.6778.108 (3b014839fbc..., userDataDir: C:\Users\Bhakti\AppData\Loc...}, fedcm:accounts: true, goog:chromeOptions: {debuggerAddress: localhost:65285}, networkConnectionEnabled: false, pageLoadStrategy: normal, platformName: windows, proxy: Proxy(), se:cdp: ws://localhost:65285/devtoo..., se:cdpVersion: 131.0.6778.140, setWindowRect: true, strictFileInteractability: false, timeouts: {implicit: 0, pageLoad: 300000, script: 30000}, unhandledPromptBehavior: dismiss and notify, webauthn:extension:credBlob: true, webauthn:extension:largeBlob: true, webauthn:extension:minPinLength: true, webauthn:extension:prf: true, webauthn:virtualAuthenticators: true}
Element: [[ChromeDriver: chrome on windows (c893eeb38e0cf2d781a68b5d2555dc40)] -> xpath: (//input[@type='radio'])[3]]
Session ID: c893eeb38e0cf2d781a68b5d2555dc40
at java.base/jdk.internal.reflect.DirectConstructorHandleAccessor.newInstance(DirectConstructorHandleAccessor.java:62)
at java.base/java.lang.reflect.Constructor.newInstanceWithCaller(Constructor.java:502)
at java.base/java.lang.reflect.Constructor.newInstance(Constructor.java:486)
at org.openqa.selenium.remote.ErrorCodec.decode(ErrorCodec.java:167)
at org.openqa.selenium.remote.codec.w3c.W3CHttpResponseCodec.decode(W3CHttpResponseCodec.java:138)
at org.openqa.selenium.remote.codec.w3c.W3CHttpResponseCodec.decode(W3CHttpResponseCodec.java:50)
at org.openqa.selenium.remote.HttpCommandExecutor.execute(HttpCommandExecutor.java:190)
at org.openqa.selenium.remote.service.DriverCommandExecutor.invokeExecute(DriverCommandExecutor.java:216)
at org.openqa.selenium.remote.service.DriverCommandExecutor.execute(DriverCommandExecutor.java:174)
at org.openqa.selenium.remote.RemoteWebDriver.execute(RemoteWebDriver.java:545)
at org.openqa.selenium.remote.RemoteWebElement.execute(RemoteWebElement.java:223)
at org.openqa.selenium.remote.RemoteWebElement.click(RemoteWebElement.java:76)
at java.base/jdk.internal.reflect.DirectMethodHandleAccessor.invoke(DirectMethodHandleAccessor.java:103)
at java.base/java.lang.reflect.Method.invoke(Method.java:580)
at org.openqa.selenium.support.pagefactory.internal.LocatingElementHandler.invoke(LocatingElementHandler.java:51)
at jdk.proxy2/jdk.proxy2.$Proxy12.click(Unknown Source)
at source.CheckoutPage.address_selection_meth(CheckoutPage.java:41)
at test.Testcase11.validate_checkout_proc(Testcase11.java:32)
at java.base/jdk.internal.reflect.DirectMethodHandleAccessor.invoke(DirectMethodHandleAccessor.java:103)
at java.base/java.lang.reflect.Method.invoke(Method.java:580)
at org.testng.internal.invokers.MethodInvocationHelper.invokeMethod(MethodInvocationHelper.java:139)
at org.testng.internal.invokers.TestInvoker.invokeMethod(TestInvoker.java:677)
at org.testng.internal.invokers.TestInvoker.retryFailed(TestInvoker.java:263)
at org.testng.internal.invokers.MethodRunner.runInSequence(MethodRunner.java:62)
at org.testng.internal.invokers.TestInvoker$MethodInvocationAgent.invoke(TestInvoker.java:969)
at org.testng.internal.invokers.TestInvoker.invokeTestMethods(TestInvoker.java:194)
at org.testng.internal.invokers.TestMethodWorker.invokeTestMethods(TestMethodWorker.java:148)
at org.testng.internal.invokers.TestMethodWorker.run(TestMethodWorker.java:128)
at java.base/java.util.ArrayList.forEach(ArrayList.java:1597)
at org.testng.TestRunner.privateRun(TestRunner.java:829)
at org.testng.TestRunner.run(TestRunner.java:602)
at org.testng.SuiteRunner.runTest(SuiteRunner.java:437)
at org.testng.SuiteRunner.runSequentially(SuiteRunner.java:431)
at org.testng.SuiteRunner.privateRun(SuiteRunner.java:391)
at org.testng.SuiteRunner.run(SuiteRunner.java:330)
at org.testng.SuiteRunnerWorker.runSuite(SuiteRunnerWorker.java:52)
at org.testng.SuiteRunnerWorker.run(SuiteRunnerWorker.java:95)
at org.testng.TestNG.runSuitesSequentially(TestNG.java:1256)
at org.testng.TestNG.runSuitesLocally(TestNG.java:1176)
at org.testng.TestNG.runSuites(TestNG.java:1099)
at org.testng.TestNG.run(TestNG.java:1067)
at org.testng.remote.AbstractRemoteTestNG.run(AbstractRemoteTestNG.java:115)
at org.testng.remote.RemoteTestNG.initAndRun(RemoteTestNG.java:293)
at org.testng.remote.RemoteTestNG.main(RemoteTestNG.java:91)
]]>
    </error>
  </testcase> <!-- validate_checkout_proc -->
  <system-out/>
  <testcase classname="test.Testcase11" name="validate_checkout_proc" time="6.857">
    <skipped/>
  </testcase> <!-- validate_checkout_proc -->
  <system-out/>
  <testcase classname="test.Testcase11" name="validate_checkout_proc" time="47.318">
    <skipped/>
  </testcase> <!-- validate_checkout_proc -->
  <system-out/>
</testsuite> <!-- test.Testcase11 -->
